Build started 7/8/2016 1:23:16 PM.
     1>Project "C:\Users\v-dashoc\Documents\Visual Studio 2015\Projects\CPPCodingBat\W32Recursion-1\W32Recursion-1.vcxproj" on node 4 (Build target(s)).
     1>ClCompile:
         C:\Program Files (x86)\Microsoft Visual Studio 14.0\VC\bin\CL.exe /c /Zi /nologo /W3 /WX- /sdl /O2 /Oi /Oy- /GL /D WIN32 /D NDEBUG /D _CONSOLE /D _UNICODE /D UNICODE /Gm- /EHsc /MD /GS /Gy /fp:precise /Zc:wchar_t /Zc:forScope /Zc:inline /Yu"stdafx.h" /Fp"Release\W32Recursion-1.pch" /Fo"Release\\" /Fd"Release\vc140.pdb" /Gd /TP /analyze- /errorReport:prompt "W32Recursion-1.cpp"
         W32Recursion-1.cpp
     1>W32Recursion-1.cpp(27): error C2181: illegal else without matching if
     1>W32Recursion-1.cpp(45): error C2181: illegal else without matching if
     1>W32Recursion-1.cpp(67): error C2181: illegal else without matching if
     1>W32Recursion-1.cpp(89): error C2181: illegal else without matching if
     1>W32Recursion-1.cpp(108): error C2181: illegal else without matching if
     1>W32Recursion-1.cpp(125): error C2181: illegal else without matching if
     1>W32Recursion-1.cpp(141): error C2181: illegal else without matching if
     1>W32Recursion-1.cpp(160): error C2181: illegal else without matching if
     1>W32Recursion-1.cpp(201): error C2181: illegal else without matching if
     1>W32Recursion-1.cpp(220): error C2181: illegal else without matching if
     1>W32Recursion-1.cpp(220): error C2039: 'Equals': is not a member of 'std::basic_string<char,std::char_traits<char>,std::allocator<char>>'
     1>W32Recursion-1.cpp(257): error C2039: 'Equals': is not a member of 'std::basic_string<char,std::char_traits<char>,std::allocator<char>>'
     1>W32Recursion-1.cpp(292): error C2039: 'length': is not a member of 'std::vector<int,std::allocator<_Ty>>'
                 with
                 [
                     _Ty=int
                 ]
     1>W32Recursion-1.cpp(294): error C2039: 'length': is not a member of 'std::vector<int,std::allocator<_Ty>>'
                 with
                 [
                     _Ty=int
                 ]
     1>W32Recursion-1.cpp(314): error C2039: 'length': is not a member of 'std::vector<int,std::allocator<_Ty>>'
                 with
                 [
                     _Ty=int
                 ]
     1>W32Recursion-1.cpp(316): error C2181: illegal else without matching if
     1>W32Recursion-1.cpp(334): error C2039: 'length': is not a member of 'std::vector<int,std::allocator<_Ty>>'
                 with
                 [
                     _Ty=int
                 ]
     1>W32Recursion-1.cpp(353): error C2059: syntax error: '.'
     1>W32Recursion-1.cpp(355): error C2181: illegal else without matching if
     1>W32Recursion-1.cpp(356): warning C4390: ';': empty controlled statement found; is this the intent?
     1>W32Recursion-1.cpp(357): fatal error C1903: unable to recover from previous error(s); stopping compilation
         INTERNAL COMPILER ERROR in 'C:\Program Files (x86)\Microsoft Visual Studio 14.0\VC\bin\CL.exe'
             Please choose the Technical Support command on the Visual C++
             Help menu, or open the Technical Support help file for more information
     1>Done Building Project "C:\Users\v-dashoc\Documents\Visual Studio 2015\Projects\CPPCodingBat\W32Recursion-1\W32Recursion-1.vcxproj" (Build target(s)) -- FAILED.

Build FAILED.

Time Elapsed 00:00:00.55
